---- light / ericw-tools v0.18.1 ----
Raytracing backend: Embree
running with 7 threads
LoadBSPFile: 'model_trys.bsp'
BSP is version 29
--- LoadEntities ---
WARNING: entity at () (worldspawn) has empty key/value "property 1" ""
13 entities read, 10 are lights.
--- OptionsSummary ---
Embree_TraceInit: Embree version: 2.15.0
Embree_TraceInit:
	4 sky faces
	28 solid faces
	0 filtered faces
	0 shadow-casting skip faces
SetupLights: 10 initial lights
SetupLights: 10 after surface lights
SetupLights: 10 after jittering
--- EstimateLightVisibility ---
0....1....2....3....4....5....6....7....8....9
Final count: 10 lights 0 suns in use.
--- LightWorld ---
0....1....2....3....4....5....6....7....8....9...
Lighting Completed.

lightdatasize: 2545
0 switchable light styles (32 max)
Writing model_trys.bsp as BSP version 29
0.045 seconds elapsed

stats:
2.589230 lights tested, 2.312107 hits per sample point
0.000000 bounce lights tested, 0.000000 hits per sample point
0 empty lightmaps
